<?xml version="1.0" encoding="UTF-8"?>
<testng-results ignored="0" total="1" passed="1" failed="0" skipped="0">
  <reporter-output>
  </reporter-output>
  <suite started-at="2024-11-26T22:48:13 IST" name="Default suite" finished-at="2024-11-26T22:49:01 IST" duration-ms="47722">
    <groups>
    </groups>
    <test started-at="2024-11-26T22:48:13 IST" name="Default test" finished-at="2024-11-26T22:49:01 IST" duration-ms="47722">
      <class name="Testing.Demo">
        <test-method signature="test1()[pri:0, instance:Testing.Demo@1aafa419]" started-at="2024-11-26T22:48:13 IST" name="test1" finished-at="2024-11-26T22:49:01 IST" duration-ms="47681" status="PASS">
          <reporter-output>
          </reporter-output>
        </test-method> <!-- test1 -->
      </class> <!-- Testing.Demo -->
    </test> <!-- Default test -->
  </suite> <!-- Default suite -->
</testng-results>
